2010-05-13 12:04:20,656 - Velocimacro : initialization complete.
2010-05-13 12:04:20,656 - Velocity successfully started.
2010-05-13 12:05:26,187 - SimpleLog4JLogSystem initialized using logfile 'velocity.log'
2010-05-13 12:05:26,187 - ************************************************************** 
2010-05-13 12:05:26,187 - Starting Jakarta Velocity v1.4
2010-05-13 12:05:26,187 - RuntimeInstance initializing.
2010-05-13 12:05:26,187 - Default Properties File: org\apache\velocity\runtime\defaults\velocity.properties
2010-05-13 12:05:26,187 - Trying to use logger class org.apache.velocity.runtime.log.SimpleLog4JLogSystem
2010-05-13 12:05:26,187 - Using logger class org.apache.velocity.runtime.log.SimpleLog4JLogSystem
2010-05-13 12:05:26,203 - Default ResourceManager initializing. (class org.apache.velocity.runtime.resource.ResourceManagerImpl)
2010-05-13 12:05:26,203 - Resource Loader Instantiated: org.apache.velocity.runtime.resource.loader.ClasspathResourceLoader
2010-05-13 12:05:26,203 - ClasspathResourceLoader : initialization starting.
2010-05-13 12:05:26,203 - ClasspathResourceLoader : initialization complete.
2010-05-13 12:05:26,203 - ResourceCache : initialized. (class org.apache.velocity.runtime.resource.ResourceCacheImpl)
2010-05-13 12:05:26,203 - Default ResourceManager initialization complete.
2010-05-13 12:05:26,203 - Loaded System Directive: org.apache.velocity.runtime.directive.Literal
2010-05-13 12:05:26,203 - Loaded System Directive: org.apache.velocity.runtime.directive.Macro
2010-05-13 12:05:26,218 - Loaded System Directive: org.apache.velocity.runtime.directive.Parse
2010-05-13 12:05:26,218 - Loaded System Directive: org.apache.velocity.runtime.directive.Include
2010-05-13 12:05:26,218 - Loaded System Directive: org.apache.velocity.runtime.directive.Foreach
2010-05-13 12:05:26,250 - Created: 20 parsers.
2010-05-13 12:05:26,296 - Velocimacro : initialization starting.
2010-05-13 12:05:26,296 - Velocimacro : adding VMs from VM library template : VM_global_library.vm
2010-05-13 12:05:26,296 - ResourceManager : unable to find resource 'VM_global_library.vm' in any resource loader.
2010-05-13 12:05:26,296 - Velocimacro : error using  VM library template VM_global_library.vm : org.apache.velocity.exception.ResourceNotFoundException: Unable to find resource 'VM_global_library.vm'
2010-05-13 12:05:26,296 - Velocimacro :  VM library template macro registration complete.
2010-05-13 12:05:26,296 - Velocimacro : allowInline = true : VMs can be defined inline in templates
2010-05-13 12:05:26,296 - Velocimacro : allowInlineToOverride = false : VMs defined inline may NOT replace previous VM definitions
2010-05-13 12:05:26,296 - Velocimacro : allowInlineLocal = false : VMs defined inline will be  global in scope if allowed.
2010-05-13 12:05:26,296 - Velocimacro : messages on  : VM system will output logging messages
2010-05-13 12:05:26,296 - Velocimacro : autoload off  : VM system will not automatically reload global library macros
2010-05-13 12:05:26,296 - Velocimacro : initialization complete.
2010-05-13 12:05:26,296 - Velocity successfully started.
2010-05-13 12:05:45,562 - SimpleLog4JLogSystem initialized using logfile 'velocity.log'
2010-05-13 12:05:45,562 - ************************************************************** 
2010-05-13 12:05:45,562 - Starting Jakarta Velocity v1.4
2010-05-13 12:05:45,562 - RuntimeInstance initializing.
2010-05-13 12:05:45,562 - Default Properties File: org\apache\velocity\runtime\defaults\velocity.properties
2010-05-13 12:05:45,562 - Trying to use logger class org.apache.velocity.runtime.log.SimpleLog4JLogSystem
2010-05-13 12:05:45,562 - Using logger class org.apache.velocity.runtime.log.SimpleLog4JLogSystem
2010-05-13 12:05:45,578 - Default ResourceManager initializing. (class org.apache.velocity.runtime.resource.ResourceManagerImpl)
2010-05-13 12:05:45,578 - Resource Loader Instantiated: org.apache.velocity.runtime.resource.loader.ClasspathResourceLoader
2010-05-13 12:05:45,578 - ClasspathResourceLoader : initialization starting.
2010-05-13 12:05:45,578 - ClasspathResourceLoader : initialization complete.
2010-05-13 12:05:45,578 - ResourceCache : initialized. (class org.apache.velocity.runtime.resource.ResourceCacheImpl)
2010-05-13 12:05:45,578 - Default ResourceManager initialization complete.
2010-05-13 12:05:45,578 - Loaded System Directive: org.apache.velocity.runtime.directive.Literal
2010-05-13 12:05:45,578 - Loaded System Directive: org.apache.velocity.runtime.directive.Macro
2010-05-13 12:05:45,593 - Loaded System Directive: org.apache.velocity.runtime.directive.Parse
2010-05-13 12:05:45,593 - Loaded System Directive: org.apache.velocity.runtime.directive.Include
2010-05-13 12:05:45,593 - Loaded System Directive: org.apache.velocity.runtime.directive.Foreach
2010-05-13 12:05:45,625 - Created: 20 parsers.
2010-05-13 12:05:45,671 - Velocimacro : initialization starting.
2010-05-13 12:05:45,671 - Velocimacro : adding VMs from VM library template : VM_global_library.vm
2010-05-13 12:05:45,671 - ResourceManager : unable to find resource 'VM_global_library.vm' in any resource loader.
2010-05-13 12:05:45,671 - Velocimacro : error using  VM library template VM_global_library.vm : org.apache.velocity.exception.ResourceNotFoundException: Unable to find resource 'VM_global_library.vm'
2010-05-13 12:05:45,671 - Velocimacro :  VM library template macro registration complete.
2010-05-13 12:05:45,671 - Velocimacro : allowInline = true : VMs can be defined inline in templates
2010-05-13 12:05:45,671 - Velocimacro : allowInlineToOverride = false : VMs defined inline may NOT replace previous VM definitions
2010-05-13 12:05:45,671 - Velocimacro : allowInlineLocal = false : VMs defined inline will be  global in scope if allowed.
2010-05-13 12:05:45,671 - Velocimacro : messages on  : VM system will output logging messages
2010-05-13 12:05:45,671 - Velocimacro : autoload off  : VM system will not automatically reload global library macros
2010-05-13 12:05:45,671 - Velocimacro : initialization complete.
2010-05-13 12:05:45,671 - Velocity successfully started.
2010-05-13 12:07:17,859 - SimpleLog4JLogSystem initialized using logfile 'velocity.log'
2010-05-13 12:07:17,859 - ************************************************************** 
2010-05-13 12:07:17,859 - Starting Jakarta Velocity v1.4
2010-05-13 12:07:17,859 - RuntimeInstance initializing.
2010-05-13 12:07:17,859 - Default Properties File: org\apache\velocity\runtime\defaults\velocity.properties
2010-05-13 12:07:17,859 - Trying to use logger class org.apache.velocity.runtime.log.SimpleLog4JLogSystem
2010-05-13 12:07:17,859 - Using logger class org.apache.velocity.runtime.log.SimpleLog4JLogSystem
2010-05-13 12:07:17,859 - Default ResourceManager initializing. (class org.apache.velocity.runtime.resource.ResourceManagerImpl)
2010-05-13 12:07:17,859 - Resource Loader Instantiated: org.apache.velocity.runtime.resource.loader.ClasspathResourceLoader
2010-05-13 12:07:17,859 - ClasspathResourceLoader : initialization starting.
2010-05-13 12:07:17,859 - ClasspathResourceLoader : initialization complete.
2010-05-13 12:07:17,859 - ResourceCache : initialized. (class org.apache.velocity.runtime.resource.ResourceCacheImpl)
2010-05-13 12:07:17,859 - Default ResourceManager initialization complete.
2010-05-13 12:07:17,859 - Loaded System Directive: org.apache.velocity.runtime.directive.Literal
2010-05-13 12:07:17,875 - Loaded System Directive: org.apache.velocity.runtime.directive.Macro
2010-05-13 12:07:17,875 - Loaded System Directive: org.apache.velocity.runtime.directive.Parse
2010-05-13 12:07:17,875 - Loaded System Directive: org.apache.velocity.runtime.directive.Include
2010-05-13 12:07:17,875 - Loaded System Directive: org.apache.velocity.runtime.directive.Foreach
2010-05-13 12:07:17,906 - Created: 20 parsers.
2010-05-13 12:07:17,953 - Velocimacro : initialization starting.
2010-05-13 12:07:17,953 - Velocimacro : adding VMs from VM library template : VM_global_library.vm
2010-05-13 12:07:17,968 - ResourceManager : unable to find resource 'VM_global_library.vm' in any resource loader.
2010-05-13 12:07:17,968 - Velocimacro : error using  VM library template VM_global_library.vm : org.apache.velocity.exception.ResourceNotFoundException: Unable to find resource 'VM_global_library.vm'
2010-05-13 12:07:17,968 - Velocimacro :  VM library template macro registration complete.
2010-05-13 12:07:17,968 - Velocimacro : allowInline = true : VMs can be defined inline in templates
2010-05-13 12:07:17,968 - Velocimacro : allowInlineToOverride = false : VMs defined inline may NOT replace previous VM definitions
2010-05-13 12:07:17,968 - Velocimacro : allowInlineLocal = false : VMs defined inline will be  global in scope if allowed.
2010-05-13 12:07:17,968 - Velocimacro : messages on  : VM system will output logging messages
2010-05-13 12:07:17,968 - Velocimacro : autoload off  : VM system will not automatically reload global library macros
2010-05-13 12:07:17,968 - Velocimacro : initialization complete.
2010-05-13 12:07:17,968 - Velocity successfully started.
2010-05-13 12:08:40,703 - SimpleLog4JLogSystem initialized using logfile 'velocity.log'
2010-05-13 12:08:40,703 - ************************************************************** 
2010-05-13 12:08:40,703 - Starting Jakarta Velocity v1.4
2010-05-13 12:08:40,703 - RuntimeInstance initializing.
2010-05-13 12:08:40,703 - Default Properties File: org\apache\velocity\runtime\defaults\velocity.properties
2010-05-13 12:08:40,703 - Trying to use logger class org.apache.velocity.runtime.log.SimpleLog4JLogSystem
2010-05-13 12:08:40,703 - Using logger class org.apache.velocity.runtime.log.SimpleLog4JLogSystem
2010-05-13 12:08:40,718 - Default ResourceManager initializing. (class org.apache.velocity.runtime.resource.ResourceManagerImpl)
2010-05-13 12:08:40,718 - Resource Loader Instantiated: org.apache.velocity.runtime.resource.loader.ClasspathResourceLoader
2010-05-13 12:08:40,718 - ClasspathResourceLoader : initialization starting.
2010-05-13 12:08:40,718 - ClasspathResourceLoader : initialization complete.
2010-05-13 12:08:40,718 - ResourceCache : initialized. (class org.apache.velocity.runtime.resource.ResourceCacheImpl)
2010-05-13 12:08:40,718 - Default ResourceManager initialization complete.
2010-05-13 12:08:40,718 - Loaded System Directive: org.apache.velocity.runtime.directive.Literal
2010-05-13 12:08:40,718 - Loaded System Directive: org.apache.velocity.runtime.directive.Macro
2010-05-13 12:08:40,734 - Loaded System Directive: org.apache.velocity.runtime.directive.Parse
2010-05-13 12:08:40,734 - Loaded System Directive: org.apache.velocity.runtime.directive.Include
2010-05-13 12:08:40,734 - Loaded System Directive: org.apache.velocity.runtime.directive.Foreach
2010-05-13 12:08:40,765 - Created: 20 parsers.
2010-05-13 12:08:40,812 - Velocimacro : initialization starting.
2010-05-13 12:08:40,812 - Velocimacro : adding VMs from VM library template : VM_global_library.vm
2010-05-13 12:08:40,812 - ResourceManager : unable to find resource 'VM_global_library.vm' in any resource loader.
2010-05-13 12:08:40,812 - Velocimacro : error using  VM library template VM_global_library.vm : org.apache.velocity.exception.ResourceNotFoundException: Unable to find resource 'VM_global_library.vm'
2010-05-13 12:08:40,812 - Velocimacro :  VM library template macro registration complete.
2010-05-13 12:08:40,812 - Velocimacro : allowInline = true : VMs can be defined inline in templates
2010-05-13 12:08:40,812 - Velocimacro : allowInlineToOverride = false : VMs defined inline may NOT replace previous VM definitions
2010-05-13 12:08:40,812 - Velocimacro : allowInlineLocal = false : VMs defined inline will be  global in scope if allowed.
2010-05-13 12:08:40,812 - Velocimacro : messages on  : VM system will output logging messages
2010-05-13 12:08:40,812 - Velocimacro : autoload off  : VM system will not automatically reload global library macros
2010-05-13 12:08:40,812 - Velocimacro : initialization complete.
2010-05-13 12:08:40,812 - Velocity successfully started.
2010-05-13 12:09:57,203 - SimpleLog4JLogSystem initialized using logfile 'velocity.log'
2010-05-13 12:09:57,203 - ************************************************************** 
2010-05-13 12:09:57,203 - Starting Jakarta Velocity v1.4
2010-05-13 12:09:57,203 - RuntimeInstance initializing.
2010-05-13 12:09:57,203 - Default Properties File: org\apache\velocity\runtime\defaults\velocity.properties
2010-05-13 12:09:57,203 - Trying to use logger class org.apache.velocity.runtime.log.SimpleLog4JLogSystem
2010-05-13 12:09:57,203 - Using logger class org.apache.velocity.runtime.log.SimpleLog4JLogSystem
2010-05-13 12:09:57,203 - Default ResourceManager initializing. (class org.apache.velocity.runtime.resource.ResourceManagerImpl)
2010-05-13 12:09:57,203 - Resource Loader Instantiated: org.apache.velocity.runtime.resource.loader.ClasspathResourceLoader
2010-05-13 12:09:57,203 - ClasspathResourceLoader : initialization starting.
2010-05-13 12:09:57,203 - ClasspathResourceLoader : initialization complete.
2010-05-13 12:09:57,203 - ResourceCache : initialized. (class org.apache.velocity.runtime.resource.ResourceCacheImpl)
2010-05-13 12:09:57,203 - Default ResourceManager initialization complete.
2010-05-13 12:09:57,203 - Loaded System Directive: org.apache.velocity.runtime.directive.Literal
2010-05-13 12:09:57,218 - Loaded System Directive: org.apache.velocity.runtime.directive.Macro
2010-05-13 12:09:57,218 - Loaded System Directive: org.apache.velocity.runtime.directive.Parse
2010-05-13 12:09:57,218 - Loaded System Directive: org.apache.velocity.runtime.directive.Include
2010-05-13 12:09:57,218 - Loaded System Directive: org.apache.velocity.runtime.directive.Foreach
2010-05-13 12:09:57,250 - Created: 20 parsers.
2010-05-13 12:09:57,296 - Velocimacro : initialization starting.
2010-05-13 12:09:57,296 - Velocimacro : adding VMs from VM library template : VM_global_library.vm
2010-05-13 12:09:57,296 - ResourceManager : unable to find resource 'VM_global_library.vm' in any resource loader.
2010-05-13 12:09:57,296 - Velocimacro : error using  VM library template VM_global_library.vm : org.apache.velocity.exception.ResourceNotFoundException: Unable to find resource 'VM_global_library.vm'
2010-05-13 12:09:57,296 - Velocimacro :  VM library template macro registration complete.
2010-05-13 12:09:57,296 - Velocimacro : allowInline = true : VMs can be defined inline in templates
2010-05-13 12:09:57,296 - Velocimacro : allowInlineToOverride = false : VMs defined inline may NOT replace previous VM definitions
2010-05-13 12:09:57,296 - Velocimacro : allowInlineLocal = false : VMs defined inline will be  global in scope if allowed.
2010-05-13 12:09:57,296 - Velocimacro : messages on  : VM system will output logging messages
2010-05-13 12:09:57,296 - Velocimacro : autoload off  : VM system will not automatically reload global library macros
2010-05-13 12:09:57,296 - Velocimacro : initialization complete.
2010-05-13 12:09:57,296 - Velocity successfully started.
2010-05-13 12:40:48,046 - SimpleLog4JLogSystem initialized using logfile 'velocity.log'
2010-05-13 12:40:48,046 - ************************************************************** 
2010-05-13 12:40:48,046 - Starting Jakarta Velocity v1.4
2010-05-13 12:40:48,046 - RuntimeInstance initializing.
2010-05-13 12:40:48,046 - Default Properties File: org\apache\velocity\runtime\defaults\velocity.properties
2010-05-13 12:40:48,046 - Trying to use logger class org.apache.velocity.runtime.log.SimpleLog4JLogSystem
2010-05-13 12:40:48,046 - Using logger class org.apache.velocity.runtime.log.SimpleLog4JLogSystem
2010-05-13 12:40:48,046 - Default ResourceManager initializing. (class org.apache.velocity.runtime.resource.ResourceManagerImpl)
2010-05-13 12:40:48,046 - Resource Loader Instantiated: org.apache.velocity.runtime.resource.loader.ClasspathResourceLoader
2010-05-13 12:40:48,046 - ClasspathResourceLoader : initialization starting.
2010-05-13 12:40:48,046 - ClasspathResourceLoader : initialization complete.
2010-05-13 12:40:48,046 - ResourceCache : initialized. (class org.apache.velocity.runtime.resource.ResourceCacheImpl)
2010-05-13 12:40:48,046 - Default ResourceManager initialization complete.
2010-05-13 12:40:48,062 - Loaded System Directive: org.apache.velocity.runtime.directive.Literal
2010-05-13 12:40:48,062 - Loaded System Directive: org.apache.velocity.runtime.directive.Macro
2010-05-13 12:40:48,062 - Loaded System Directive: org.apache.velocity.runtime.directive.Parse
2010-05-13 12:40:48,062 - Loaded System Directive: org.apache.velocity.runtime.directive.Include
2010-05-13 12:40:48,062 - Loaded System Directive: org.apache.velocity.runtime.directive.Foreach
2010-05-13 12:40:48,093 - Created: 20 parsers.
2010-05-13 12:40:48,140 - Velocimacro : initialization starting.
2010-05-13 12:40:48,140 - Velocimacro : adding VMs from VM library template : VM_global_library.vm
2010-05-13 12:40:48,156 - ResourceManager : unable to find resource 'VM_global_library.vm' in any resource loader.
2010-05-13 12:40:48,156 - Velocimacro : error using  VM library template VM_global_library.vm : org.apache.velocity.exception.ResourceNotFoundException: Unable to find resource 'VM_global_library.vm'
2010-05-13 12:40:48,156 - Velocimacro :  VM library template macro registration complete.
2010-05-13 12:40:48,156 - Velocimacro : allowInline = true : VMs can be defined inline in templates
2010-05-13 12:40:48,156 - Velocimacro : allowInlineToOverride = false : VMs defined inline may NOT replace previous VM definitions
2010-05-13 12:40:48,156 - Velocimacro : allowInlineLocal = false : VMs defined inline will be  global in scope if allowed.
2010-05-13 12:40:48,156 - Velocimacro : messages on  : VM system will output logging messages
2010-05-13 12:40:48,156 - Velocimacro : autoload off  : VM system will not automatically reload global library macros
2010-05-13 12:40:48,156 - Velocimacro : initialization complete.
2010-05-13 12:40:48,156 - Velocity successfully started.
2010-05-13 12:43:51,921 - SimpleLog4JLogSystem initialized using logfile 'velocity.log'
2010-05-13 12:43:51,921 - ************************************************************** 
2010-05-13 12:43:51,921 - Starting Jakarta Velocity v1.4
2010-05-13 12:43:51,921 - RuntimeInstance initializing.
2010-05-13 12:43:51,921 - Default Properties File: org\apache\velocity\runtime\defaults\velocity.properties
2010-05-13 12:43:51,921 - Trying to use logger class org.apache.velocity.runtime.log.SimpleLog4JLogSystem
2010-05-13 12:43:51,921 - Using logger class org.apache.velocity.runtime.log.SimpleLog4JLogSystem
2010-05-13 12:43:51,937 - Default ResourceManager initializing. (class org.apache.velocity.runtime.resource.ResourceManagerImpl)
2010-05-13 12:43:51,937 - Resource Loader Instantiated: org.apache.velocity.runtime.resource.loader.ClasspathResourceLoader
2010-05-13 12:43:51,937 - ClasspathResourceLoader : initialization starting.
2010-05-13 12:43:51,937 - ClasspathResourceLoader : initialization complete.
2010-05-13 12:43:51,937 - ResourceCache : initialized. (class org.apache.velocity.runtime.resource.ResourceCacheImpl)
2010-05-13 12:43:51,937 - Default ResourceManager initialization complete.
2010-05-13 12:43:51,937 - Loaded System Directive: org.apache.velocity.runtime.directive.Literal
2010-05-13 12:43:51,937 - Loaded System Directive: org.apache.velocity.runtime.directive.Macro
2010-05-13 12:43:51,953 - Loaded System Directive: org.apache.velocity.runtime.directive.Parse
2010-05-13 12:43:51,953 - Loaded System Directive: org.apache.velocity.runtime.directive.Include
2010-05-13 12:43:51,953 - Loaded System Directive: org.apache.velocity.runtime.directive.Foreach
2010-05-13 12:43:51,984 - Created: 20 parsers.
2010-05-13 12:43:52,031 - Velocimacro : initialization starting.
2010-05-13 12:43:52,031 - Velocimacro : adding VMs from VM library template : VM_global_library.vm
2010-05-13 12:43:52,031 - ResourceManager : unable to find resource 'VM_global_library.vm' in any resource loader.
2010-05-13 12:43:52,031 - Velocimacro : error using  VM library template VM_global_library.vm : org.apache.velocity.exception.ResourceNotFoundException: Unable to find resource 'VM_global_library.vm'
2010-05-13 12:43:52,031 - Velocimacro :  VM library template macro registration complete.
2010-05-13 12:43:52,031 - Velocimacro : allowInline = true : VMs can be defined inline in templates
2010-05-13 12:43:52,031 - Velocimacro : allowInlineToOverride = false : VMs defined inline may NOT replace previous VM definitions
2010-05-13 12:43:52,031 - Velocimacro : allowInlineLocal = false : VMs defined inline will be  global in scope if allowed.
2010-05-13 12:43:52,031 - Velocimacro : messages on  : VM system will output logging messages
2010-05-13 12:43:52,031 - Velocimacro : autoload off  : VM system will not automatically reload global library macros
2010-05-13 12:43:52,031 - Velocimacro : initialization complete.
2010-05-13 12:43:52,031 - Velocity successfully started.
2010-05-13 12:47:29,312 - SimpleLog4JLogSystem initialized using logfile 'velocity.log'
2010-05-13 12:47:29,312 - ************************************************************** 
2010-05-13 12:47:29,312 - Starting Jakarta Velocity v1.4
2010-05-13 12:47:29,312 - RuntimeInstance initializing.
2010-05-13 12:47:29,312 - Default Properties File: org\apache\velocity\runtime\defaults\velocity.properties
2010-05-13 12:47:29,312 - Trying to use logger class org.apache.velocity.runtime.log.SimpleLog4JLogSystem
2010-05-13 12:47:29,312 - Using logger class org.apache.velocity.runtime.log.SimpleLog4JLogSystem
2010-05-13 12:47:29,312 - Default ResourceManager initializing. (class org.apache.velocity.runtime.resource.ResourceManagerImpl)
2010-05-13 12:47:29,312 - Resource Loader Instantiated: org.apache.velocity.runtime.resource.loader.ClasspathResourceLoader
2010-05-13 12:47:29,312 - ClasspathResourceLoader : initialization starting.
2010-05-13 12:47:29,312 - ClasspathResourceLoader : initialization complete.
2010-05-13 12:47:29,312 - ResourceCache : initialized. (class org.apache.velocity.runtime.resource.ResourceCacheImpl)
2010-05-13 12:47:29,312 - Default ResourceManager initialization complete.
2010-05-13 12:47:29,328 - Loaded System Directive: org.apache.velocity.runtime.directive.Literal
2010-05-13 12:47:29,328 - Loaded System Directive: org.apache.velocity.runtime.directive.Macro
2010-05-13 12:47:29,328 - Loaded System Directive: org.apache.velocity.runtime.directive.Parse
2010-05-13 12:47:29,328 - Loaded System Directive: org.apache.velocity.runtime.directive.Include
2010-05-13 12:47:29,328 - Loaded System Directive: org.apache.velocity.runtime.directive.Foreach
2010-05-13 12:47:29,359 - Created: 20 parsers.
2010-05-13 12:47:29,406 - Velocimacro : initialization starting.
2010-05-13 12:47:29,406 - Velocimacro : adding VMs from VM library template : VM_global_library.vm
2010-05-13 12:47:29,421 - ResourceManager : unable to find resource 'VM_global_library.vm' in any resource loader.
2010-05-13 12:47:29,421 - Velocimacro : error using  VM library template VM_global_library.vm : org.apache.velocity.exception.ResourceNotFoundException: Unable to find resource 'VM_global_library.vm'
2010-05-13 12:47:29,421 - Velocimacro :  VM library template macro registration complete.
2010-05-13 12:47:29,421 - Velocimacro : allowInline = true : VMs can be defined inline in templates
2010-05-13 12:47:29,421 - Velocimacro : allowInlineToOverride = false : VMs defined inline may NOT replace previous VM definitions
2010-05-13 12:47:29,421 - Velocimacro : allowInlineLocal = false : VMs defined inline will be  global in scope if allowed.
2010-05-13 12:47:29,421 - Velocimacro : messages on  : VM system will output logging messages
2010-05-13 12:47:29,421 - Velocimacro : autoload off  : VM system will not automatically reload global library macros
2010-05-13 12:47:29,421 - Velocimacro : initialization complete.
2010-05-13 12:47:29,421 - Velocity successfully started.
2010-05-13 12:50:35,703 - SimpleLog4JLogSystem initialized using logfile 'velocity.log'
2010-05-13 12:50:35,703 - ************************************************************** 
2010-05-13 12:50:35,703 - Starting Jakarta Velocity v1.4
2010-05-13 12:50:35,703 - RuntimeInstance initializing.
2010-05-13 12:50:35,703 - Default Properties File: org\apache\velocity\runtime\defaults\velocity.properties
2010-05-13 12:50:35,703 - Trying to use logger class org.apache.velocity.runtime.log.SimpleLog4JLogSystem
2010-05-13 12:50:35,703 - Using logger class org.apache.velocity.runtime.log.SimpleLog4JLogSystem
2010-05-13 12:50:35,703 - Default ResourceManager initializing. (class org.apache.velocity.runtime.resource.ResourceManagerImpl)
2010-05-13 12:50:35,703 - Resource Loader Instantiated: org.apache.velocity.runtime.resource.loader.ClasspathResourceLoader
2010-05-13 12:50:35,703 - ClasspathResourceLoader : initialization starting.
2010-05-13 12:50:35,703 - ClasspathResourceLoader : initialization complete.
2010-05-13 12:50:35,718 - ResourceCache : initialized. (class org.apache.velocity.runtime.resource.ResourceCacheImpl)
2010-05-13 12:50:35,718 - Default ResourceManager initialization complete.
2010-05-13 12:50:35,718 - Loaded System Directive: org.apache.velocity.runtime.directive.Literal
2010-05-13 12:50:35,718 - Loaded System Directive: org.apache.velocity.runtime.directive.Macro
2010-05-13 12:50:35,718 - Loaded System Directive: org.apache.velocity.runtime.directive.Parse
2010-05-13 12:50:35,718 - Loaded System Directive: org.apache.velocity.runtime.directive.Include
2010-05-13 12:50:35,718 - Loaded System Directive: org.apache.velocity.runtime.directive.Foreach
2010-05-13 12:50:35,765 - Created: 20 parsers.
2010-05-13 12:50:35,796 - Velocimacro : initialization starting.
2010-05-13 12:50:35,796 - Velocimacro : adding VMs from VM library template : VM_global_library.vm
2010-05-13 12:50:35,812 - ResourceManager : unable to find resource 'VM_global_library.vm' in any resource loader.
2010-05-13 12:50:35,812 - Velocimacro : error using  VM library template VM_global_library.vm : org.apache.velocity.exception.ResourceNotFoundException: Unable to find resource 'VM_global_library.vm'
2010-05-13 12:50:35,812 - Velocimacro :  VM library template macro registration complete.
2010-05-13 12:50:35,812 - Velocimacro : allowInline = true : VMs can be defined inline in templates
2010-05-13 12:50:35,812 - Velocimacro : allowInlineToOverride = false : VMs defined inline may NOT replace previous VM definitions
2010-05-13 12:50:35,812 - Velocimacro : allowInlineLocal = false : VMs defined inline will be  global in scope if allowed.
2010-05-13 12:50:35,812 - Velocimacro : messages on  : VM system will output logging messages
2010-05-13 12:50:35,812 - Velocimacro : autoload off  : VM system will not automatically reload global library macros
2010-05-13 12:50:35,812 - Velocimacro : initialization complete.
2010-05-13 12:50:35,812 - Velocity successfully started.
2010-05-13 12:51:42,437 - SimpleLog4JLogSystem initialized using logfile 'velocity.log'
2010-05-13 12:51:42,437 - ************************************************************** 
2010-05-13 12:51:42,437 - Starting Jakarta Velocity v1.4
2010-05-13 12:51:42,437 - RuntimeInstance initializing.
2010-05-13 12:51:42,437 - Default Properties File: org\apache\velocity\runtime\defaults\velocity.properties
2010-05-13 12:51:42,437 - Trying to use logger class org.apache.velocity.runtime.log.SimpleLog4JLogSystem
2010-05-13 12:51:42,437 - Using logger class org.apache.velocity.runtime.log.SimpleLog4JLogSystem
2010-05-13 12:51:42,453 - Default ResourceManager initializing. (class org.apache.velocity.runtime.resource.ResourceManagerImpl)
2010-05-13 12:51:42,453 - Resource Loader Instantiated: org.apache.velocity.runtime.resource.loader.ClasspathResourceLoader
2010-05-13 12:51:42,453 - ClasspathResourceLoader : initialization starting.
2010-05-13 12:51:42,453 - ClasspathResourceLoader : initialization complete.
2010-05-13 12:51:42,453 - ResourceCache : initialized. (class org.apache.velocity.runtime.resource.ResourceCacheImpl)
2010-05-13 12:51:42,453 - Default ResourceManager initialization complete.
2010-05-13 12:51:42,453 - Loaded System Directive: org.apache.velocity.runtime.directive.Literal
2010-05-13 12:51:42,453 - Loaded System Directive: org.apache.velocity.runtime.directive.Macro
2010-05-13 12:51:42,468 - Loaded System Directive: org.apache.velocity.runtime.directive.Parse
2010-05-13 12:51:42,468 - Loaded System Directive: org.apache.velocity.runtime.directive.Include
2010-05-13 12:51:42,468 - Loaded System Directive: org.apache.velocity.runtime.directive.Foreach
2010-05-13 12:51:42,500 - Created: 20 parsers.
2010-05-13 12:51:42,546 - Velocimacro : initialization starting.
2010-05-13 12:51:42,546 - Velocimacro : adding VMs from VM library template : VM_global_library.vm
2010-05-13 12:51:42,546 - ResourceManager : unable to find resource 'VM_global_library.vm' in any resource loader.
2010-05-13 12:51:42,546 - Velocimacro : error using  VM library template VM_global_library.vm : org.apache.velocity.exception.ResourceNotFoundException: Unable to find resource 'VM_global_library.vm'
2010-05-13 12:51:42,546 - Velocimacro :  VM library template macro registration complete.
2010-05-13 12:51:42,546 - Velocimacro : allowInline = true : VMs can be defined inline in templates
2010-05-13 12:51:42,546 - Velocimacro : allowInlineToOverride = false : VMs defined inline may NOT replace previous VM definitions
2010-05-13 12:51:42,546 - Velocimacro : allowInlineLocal = false : VMs defined inline will be  global in scope if allowed.
2010-05-13 12:51:42,546 - Velocimacro : messages on  : VM system will output logging messages
2010-05-13 12:51:42,546 - Velocimacro : autoload off  : VM system will not automatically reload global library macros
2010-05-13 12:51:42,546 - Velocimacro : initialization complete.
2010-05-13 12:51:42,546 - Velocity successfully started.
2010-05-13 12:56:14,796 - SimpleLog4JLogSystem initialized using logfile 'velocity.log'
2010-05-13 12:56:14,796 - ************************************************************** 
2010-05-13 12:56:14,796 - Starting Jakarta Velocity v1.4
2010-05-13 12:56:14,796 - RuntimeInstance initializing.
2010-05-13 12:56:14,796 - Default Properties File: org\apache\velocity\runtime\defaults\velocity.properties
2010-05-13 12:56:14,796 - Trying to use logger class org.apache.velocity.runtime.log.SimpleLog4JLogSystem
2010-05-13 12:56:14,796 - Using logger class org.apache.velocity.runtime.log.SimpleLog4JLogSystem
2010-05-13 12:56:14,796 - Default ResourceManager initializing. (class org.apache.velocity.runtime.resource.ResourceManagerImpl)
2010-05-13 12:56:14,796 - Resource Loader Instantiated: org.apache.velocity.runtime.resource.loader.ClasspathResourceLoader
2010-05-13 12:56:14,796 - ClasspathResourceLoader : initialization starting.
2010-05-13 12:56:14,796 - ClasspathResourceLoader : initialization complete.
2010-05-13 12:56:14,812 - ResourceCache : initialized. (class org.apache.velocity.runtime.resource.ResourceCacheImpl)
2010-05-13 12:56:14,812 - Default ResourceManager initialization complete.
2010-05-13 12:56:14,812 - Loaded System Directive: org.apache.velocity.runtime.directive.Literal
2010-05-13 12:56:14,812 - Loaded System Directive: org.apache.velocity.runtime.directive.Macro
2010-05-13 12:56:14,812 - Loaded System Directive: org.apache.velocity.runtime.directive.Parse
2010-05-13 12:56:14,812 - Loaded System Directive: org.apache.velocity.runtime.directive.Include
2010-05-13 12:56:14,812 - Loaded System Directive: org.apache.velocity.runtime.directive.Foreach
2010-05-13 12:56:14,859 - Created: 20 parsers.
2010-05-13 12:56:14,906 - Velocimacro : initialization starting.
2010-05-13 12:56:14,906 - Velocimacro : adding VMs from VM library template : VM_global_library.vm
2010-05-13 12:56:14,906 - ResourceManager : unable to find resource 'VM_global_library.vm' in any resource loader.
2010-05-13 12:56:14,906 - Velocimacro : error using  VM library template VM_global_library.vm : org.apache.velocity.exception.ResourceNotFoundException: Unable to find resource 'VM_global_library.vm'
2010-05-13 12:56:14,906 - Velocimacro :  VM library template macro registration complete.
2010-05-13 12:56:14,906 - Velocimacro : allowInline = true : VMs can be defined inline in templates
2010-05-13 12:56:14,906 - Velocimacro : allowInlineToOverride = false : VMs defined inline may NOT replace previous VM definitions
2010-05-13 12:56:14,906 - Velocimacro : allowInlineLocal = false : VMs defined inline will be  global in scope if allowed.
2010-05-13 12:56:14,906 - Velocimacro : messages on  : VM system will output logging messages
2010-05-13 12:56:14,906 - Velocimacro : autoload off  : VM system will not automatically reload global library macros
2010-05-13 12:56:14,906 - Velocimacro : initialization complete.
2010-05-13 12:56:14,906 - Velocity successfully started.
2010-05-13 13:09:46,296 - SimpleLog4JLogSystem initialized using logfile 'velocity.log'
2010-05-13 13:09:46,296 - ************************************************************** 
2010-05-13 13:09:46,296 - Starting Jakarta Velocity v1.4
2010-05-13 13:09:46,296 - RuntimeInstance initializing.
2010-05-13 13:09:46,296 - Default Properties File: org\apache\velocity\runtime\defaults\velocity.properties
2010-05-13 13:09:46,296 - Trying to use logger class org.apache.velocity.runtime.log.SimpleLog4JLogSystem
2010-05-13 13:09:46,296 - Using logger class org.apache.velocity.runtime.log.SimpleLog4JLogSystem
2010-05-13 13:09:46,296 - Default ResourceManager initializing. (class org.apache.velocity.runtime.resource.ResourceManagerImpl)
2010-05-13 13:09:46,296 - Resource Loader Instantiated: org.apache.velocity.runtime.resource.loader.ClasspathResourceLoader
2010-05-13 13:09:46,296 - ClasspathResourceLoader : initialization starting.
2010-05-13 13:09:46,296 - ClasspathResourceLoader : initialization complete.
2010-05-13 13:09:46,312 - ResourceCache : initialized. (class org.apache.velocity.runtime.resource.ResourceCacheImpl)
2010-05-13 13:09:46,312 - Default ResourceManager initialization complete.
2010-05-13 13:09:46,312 - Loaded System Directive: org.apache.velocity.runtime.directive.Literal
2010-05-13 13:09:46,312 - Loaded System Directive: org.apache.velocity.runtime.directive.Macro
2010-05-13 13:09:46,312 - Loaded System Directive: org.apache.velocity.runtime.directive.Parse
2010-05-13 13:09:46,312 - Loaded System Directive: org.apache.velocity.runtime.directive.Include
2010-05-13 13:09:46,312 - Loaded System Directive: org.apache.velocity.runtime.directive.Foreach
2010-05-13 13:09:46,359 - Created: 20 parsers.
2010-05-13 13:09:46,390 - Velocimacro : initialization starting.
2010-05-13 13:09:46,390 - Velocimacro : adding VMs from VM library template : VM_global_library.vm
2010-05-13 13:09:46,406 - ResourceManager : unable to find resource 'VM_global_library.vm' in any resource loader.
2010-05-13 13:09:46,406 - Velocimacro : error using  VM library template VM_global_library.vm : org.apache.velocity.exception.ResourceNotFoundException: Unable to find resource 'VM_global_library.vm'
2010-05-13 13:09:46,406 - Velocimacro :  VM library template macro registration complete.
2010-05-13 13:09:46,406 - Velocimacro : allowInline = true : VMs can be defined inline in templates
2010-05-13 13:09:46,406 - Velocimacro : allowInlineToOverride = false : VMs defined inline may NOT replace previous VM definitions
2010-05-13 13:09:46,406 - Velocimacro : allowInlineLocal = false : VMs defined inline will be  global in scope if allowed.
2010-05-13 13:09:46,406 - Velocimacro : messages on  : VM system will output logging messages
2010-05-13 13:09:46,406 - Velocimacro : autoload off  : VM system will not automatically reload global library macros
2010-05-13 13:09:46,406 - Velocimacro : initialization complete.
2010-05-13 13:09:46,406 - Velocity successfully started.
2010-05-13 13:23:11,078 - SimpleLog4JLogSystem initialized using logfile 'velocity.log'
2010-05-13 13:23:11,078 - ************************************************************** 
2010-05-13 13:23:11,078 - Starting Jakarta Velocity v1.4
2010-05-13 13:23:11,078 - RuntimeInstance initializing.
2010-05-13 13:23:11,078 - Default Properties File: org\apache\velocity\runtime\defaults\velocity.properties
2010-05-13 13:23:11,078 - Trying to use logger class org.apache.velocity.runtime.log.SimpleLog4JLogSystem
2010-05-13 13:23:11,078 - Using logger class org.apache.velocity.runtime.log.SimpleLog4JLogSystem
2010-05-13 13:23:11,078 - Default ResourceManager initializing. (class org.apache.velocity.runtime.resource.ResourceManagerImpl)
2010-05-13 13:23:11,078 - Resource Loader Instantiated: org.apache.velocity.runtime.resource.loader.ClasspathResourceLoader
2010-05-13 13:23:11,078 - ClasspathResourceLoader : initialization starting.
2010-05-13 13:23:11,078 - ClasspathResourceLoader : initialization complete.
2010-05-13 13:23:11,078 - ResourceCache : initialized. (class org.apache.velocity.runtime.resource.ResourceCacheImpl)
2010-05-13 13:23:11,078 - Default ResourceManager initialization complete.
2010-05-13 13:23:11,093 - Loaded System Directive: org.apache.velocity.runtime.directive.Literal
2010-05-13 13:23:11,093 - Loaded System Directive: org.apache.velocity.runtime.directive.Macro
2010-05-13 13:23:11,093 - Loaded System Directive: org.apache.velocity.runtime.directive.Parse
2010-05-13 13:23:11,093 - Loaded System Directive: org.apache.velocity.runtime.directive.Include
2010-05-13 13:23:11,093 - Loaded System Directive: org.apache.velocity.runtime.directive.Foreach
2010-05-13 13:23:11,125 - Created: 20 parsers.
2010-05-13 13:23:11,171 - Velocimacro : initialization starting.
2010-05-13 13:23:11,171 - Velocimacro : adding VMs from VM library template : VM_global_library.vm
2010-05-13 13:23:11,187 - ResourceManager : unable to find resource 'VM_global_library.vm' in any resource loader.
2010-05-13 13:23:11,187 - Velocimacro : error using  VM library template VM_global_library.vm : org.apache.velocity.exception.ResourceNotFoundException: Unable to find resource 'VM_global_library.vm'
2010-05-13 13:23:11,187 - Velocimacro :  VM library template macro registration complete.
2010-05-13 13:23:11,187 - Velocimacro : allowInline = true : VMs can be defined inline in templates
2010-05-13 13:23:11,187 - Velocimacro : allowInlineToOverride = false : VMs defined inline may NOT replace previous VM definitions
2010-05-13 13:23:11,187 - Velocimacro : allowInlineLocal = false : VMs defined inline will be  global in scope if allowed.
2010-05-13 13:23:11,187 - Velocimacro : messages on  : VM system will output logging messages
2010-05-13 13:23:11,187 - Velocimacro : autoload off  : VM system will not automatically reload global library macros
2010-05-13 13:23:11,187 - Velocimacro : initialization complete.
2010-05-13 13:23:11,187 - Velocity successfully started.
2010-05-20 13:09:58,906 - SimpleLog4JLogSystem initialized using logfile 'velocity.log'
2010-05-20 13:09:58,906 - ************************************************************** 
2010-05-20 13:09:58,906 - Starting Jakarta Velocity v1.4
2010-05-20 13:09:58,906 - RuntimeInstance initializing.
2010-05-20 13:09:58,906 - Default Properties File: org\apache\velocity\runtime\defaults\velocity.properties
2010-05-20 13:09:58,906 - Trying to use logger class org.apache.velocity.runtime.log.SimpleLog4JLogSystem
2010-05-20 13:09:58,906 - Using logger class org.apache.velocity.runtime.log.SimpleLog4JLogSystem
2010-05-20 13:09:58,906 - Default ResourceManager initializing. (class org.apache.velocity.runtime.resource.ResourceManagerImpl)
2010-05-20 13:09:58,921 - Resource Loader Instantiated: org.apache.velocity.runtime.resource.loader.ClasspathResourceLoader
2010-05-20 13:09:58,921 - ClasspathResourceLoader : initialization starting.
2010-05-20 13:09:58,921 - ClasspathResourceLoader : initialization complete.
2010-05-20 13:09:58,921 - ResourceCache : initialized. (class org.apache.velocity.runtime.resource.ResourceCacheImpl)
2010-05-20 13:09:58,921 - Default ResourceManager initialization complete.
2010-05-20 13:09:58,921 - Loaded System Directive: org.apache.velocity.runtime.directive.Literal
2010-05-20 13:09:58,921 - Loaded System Directive: org.apache.velocity.runtime.directive.Macro
2010-05-20 13:09:58,921 - Loaded System Directive: org.apache.velocity.runtime.directive.Parse
2010-05-20 13:09:58,921 - Loaded System Directive: org.apache.velocity.runtime.directive.Include
2010-05-20 13:09:58,921 - Loaded System Directive: org.apache.velocity.runtime.directive.Foreach
2010-05-20 13:09:58,968 - Created: 20 parsers.
2010-05-20 13:09:59,015 - Velocimacro : initialization starting.
2010-05-20 13:09:59,015 - Velocimacro : adding VMs from VM library template : VM_global_library.vm
2010-05-20 13:09:59,015 - ResourceManager : unable to find resource 'VM_global_library.vm' in any resource loader.
2010-05-20 13:09:59,015 - Velocimacro : error using  VM library template VM_global_library.vm : org.apache.velocity.exception.ResourceNotFoundException: Unable to find resource 'VM_global_library.vm'
2010-05-20 13:09:59,015 - Velocimacro :  VM library template macro registration complete.
2010-05-20 13:09:59,015 - Velocimacro : allowInline = true : VMs can be defined inline in templates
2010-05-20 13:09:59,015 - Velocimacro : allowInlineToOverride = false : VMs defined inline may NOT replace previous VM definitions
2010-05-20 13:09:59,015 - Velocimacro : allowInlineLocal = false : VMs defined inline will be  global in scope if allowed.
2010-05-20 13:09:59,015 - Velocimacro : messages on  : VM system will output logging messages
2010-05-20 13:09:59,015 - Velocimacro : autoload off  : VM system will not automatically reload global library macros
2010-05-20 13:09:59,015 - Velocimacro : initialization complete.
2010-05-20 13:09:59,015 - Velocity successfully started.
2010-05-20 15:25:41,531 - SimpleLog4JLogSystem initialized using logfile 'velocity.log'
2010-05-20 15:25:41,531 - ************************************************************** 
2010-05-20 15:25:41,531 - Starting Jakarta Velocity v1.4
2010-05-20 15:25:41,531 - RuntimeInstance initializing.
2010-05-20 15:25:41,531 - Default Properties File: org\apache\velocity\runtime\defaults\velocity.properties
2010-05-20 15:25:41,531 - Trying to use logger class org.apache.velocity.runtime.log.SimpleLog4JLogSystem
2010-05-20 15:25:41,531 - Using logger class org.apache.velocity.runtime.log.SimpleLog4JLogSystem
2010-05-20 15:25:41,531 - Default ResourceManager initializing. (class org.apache.velocity.runtime.resource.ResourceManagerImpl)
2010-05-20 15:25:41,531 - Resource Loader Instantiated: org.apache.velocity.runtime.resource.loader.ClasspathResourceLoader
2010-05-20 15:25:41,531 - ClasspathResourceLoader : initialization starting.
2010-05-20 15:25:41,531 - ClasspathResourceLoader : initialization complete.
2010-05-20 15:25:41,531 - ResourceCache : initialized. (class org.apache.velocity.runtime.resource.ResourceCacheImpl)
2010-05-20 15:25:41,531 - Default ResourceManager initialization complete.
2010-05-20 15:25:41,531 - Loaded System Directive: org.apache.velocity.runtime.directive.Literal
2010-05-20 15:25:41,546 - Loaded System Directive: org.apache.velocity.runtime.directive.Macro
2010-05-20 15:25:41,546 - Loaded System Directive: org.apache.velocity.runtime.directive.Parse
2010-05-20 15:25:41,546 - Loaded System Directive: org.apache.velocity.runtime.directive.Include
2010-05-20 15:25:41,546 - Loaded System Directive: org.apache.velocity.runtime.directive.Foreach
2010-05-20 15:25:41,578 - Created: 20 parsers.
2010-05-20 15:25:41,625 - Velocimacro : initialization starting.
2010-05-20 15:25:41,625 - Velocimacro : adding VMs from VM library template : VM_global_library.vm
2010-05-20 15:25:41,625 - ResourceManager : unable to find resource 'VM_global_library.vm' in any resource loader.
2010-05-20 15:25:41,625 - Velocimacro : error using  VM library template VM_global_library.vm : org.apache.velocity.exception.ResourceNotFoundException: Unable to find resource 'VM_global_library.vm'
2010-05-20 15:25:41,625 - Velocimacro :  VM library template macro registration complete.
2010-05-20 15:25:41,625 - Velocimacro : allowInline = true : VMs can be defined inline in templates
2010-05-20 15:25:41,625 - Velocimacro : allowInlineToOverride = false : VMs defined inline may NOT replace previous VM definitions
2010-05-20 15:25:41,625 - Velocimacro : allowInlineLocal = false : VMs defined inline will be  global in scope if allowed.
2010-05-20 15:25:41,625 - Velocimacro : messages on  : VM system will output logging messages
2010-05-20 15:25:41,625 - Velocimacro : autoload off  : VM system will not automatically reload global library macros
2010-05-20 15:25:41,625 - Velocimacro : initialization complete.
2010-05-20 15:25:41,625 - Velocity successfully started.
2010-05-20 15:37:37,296 - SimpleLog4JLogSystem initialized using logfile 'velocity.log'
2010-05-20 15:37:37,296 - ************************************************************** 
2010-05-20 15:37:37,296 - Starting Jakarta Velocity v1.4
2010-05-20 15:37:37,296 - RuntimeInstance initializing.
2010-05-20 15:37:37,296 - Default Properties File: org\apache\velocity\runtime\defaults\velocity.properties
2010-05-20 15:37:37,296 - Trying to use logger class org.apache.velocity.runtime.log.SimpleLog4JLogSystem
2010-05-20 15:37:37,296 - Using logger class org.apache.velocity.runtime.log.SimpleLog4JLogSystem
2010-05-20 15:37:37,312 - Default ResourceManager initializing. (class org.apache.velocity.runtime.resource.ResourceManagerImpl)
2010-05-20 15:37:37,312 - Resource Loader Instantiated: org.apache.velocity.runtime.resource.loader.ClasspathResourceLoader
2010-05-20 15:37:37,312 - ClasspathResourceLoader : initialization starting.
2010-05-20 15:37:37,312 - ClasspathResourceLoader : initialization complete.
2010-05-20 15:37:37,312 - ResourceCache : initialized. (class org.apache.velocity.runtime.resource.ResourceCacheImpl)
2010-05-20 15:37:37,312 - Default ResourceManager initialization complete.
2010-05-20 15:37:37,312 - Loaded System Directive: org.apache.velocity.runtime.directive.Literal
2010-05-20 15:37:37,312 - Loaded System Directive: org.apache.velocity.runtime.directive.Macro
2010-05-20 15:37:37,328 - Loaded System Directive: org.apache.velocity.runtime.directive.Parse
2010-05-20 15:37:37,328 - Loaded System Directive: org.apache.velocity.runtime.directive.Include
2010-05-20 15:37:37,328 - Loaded System Directive: org.apache.velocity.runtime.directive.Foreach
2010-05-20 15:37:37,359 - Created: 20 parsers.
2010-05-20 15:37:37,406 - Velocimacro : initialization starting.
2010-05-20 15:37:37,406 - Velocimacro : adding VMs from VM library template : VM_global_library.vm
2010-05-20 15:37:37,421 - ResourceManager : unable to find resource 'VM_global_library.vm' in any resource loader.
2010-05-20 15:37:37,421 - Velocimacro : error using  VM library template VM_global_library.vm : org.apache.velocity.exception.ResourceNotFoundException: Unable to find resource 'VM_global_library.vm'
2010-05-20 15:37:37,421 - Velocimacro :  VM library template macro registration complete.
2010-05-20 15:37:37,421 - Velocimacro : allowInline = true : VMs can be defined inline in templates
2010-05-20 15:37:37,421 - Velocimacro : allowInlineToOverride = false : VMs defined inline may NOT replace previous VM definitions
2010-05-20 15:37:37,421 - Velocimacro : allowInlineLocal = false : VMs defined inline will be  global in scope if allowed.
2010-05-20 15:37:37,421 - Velocimacro : messages on  : VM system will output logging messages
2010-05-20 15:37:37,421 - Velocimacro : autoload off  : VM system will not automatically reload global library macros
2010-05-20 15:37:37,421 - Velocimacro : initialization complete.
2010-05-20 15:37:37,421 - Velocity successfully started.
2010-07-22 16:11:49,328 - SimpleLog4JLogSystem initialized using logfile 'velocity.log'
2010-07-22 16:11:49,328 - ************************************************************** 
2010-07-22 16:11:49,328 - Starting Jakarta Velocity v1.4
2010-07-22 16:11:49,328 - RuntimeInstance initializing.
2010-07-22 16:11:49,328 - Default Properties File: org\apache\velocity\runtime\defaults\velocity.properties
2010-07-22 16:11:49,328 - Trying to use logger class org.apache.velocity.runtime.log.SimpleLog4JLogSystem
2010-07-22 16:11:49,328 - Using logger class org.apache.velocity.runtime.log.SimpleLog4JLogSystem
2010-07-22 16:11:49,328 - Default ResourceManager initializing. (class org.apache.velocity.runtime.resource.ResourceManagerImpl)
2010-07-22 16:11:49,343 - Resource Loader Instantiated: org.apache.velocity.runtime.resource.loader.ClasspathResourceLoader
2010-07-22 16:11:49,343 - ClasspathResourceLoader : initialization starting.
2010-07-22 16:11:49,343 - ClasspathResourceLoader : initialization complete.
2010-07-22 16:11:49,343 - ResourceCache : initialized. (class org.apache.velocity.runtime.resource.ResourceCacheImpl)
2010-07-22 16:11:49,343 - Default ResourceManager initialization complete.
2010-07-22 16:11:49,343 - Loaded System Directive: org.apache.velocity.runtime.directive.Literal
2010-07-22 16:11:49,343 - Loaded System Directive: org.apache.velocity.runtime.directive.Macro
2010-07-22 16:11:49,343 - Loaded System Directive: org.apache.velocity.runtime.directive.Parse
2010-07-22 16:11:49,359 - Loaded System Directive: org.apache.velocity.runtime.directive.Include
2010-07-22 16:11:49,359 - Loaded System Directive: org.apache.velocity.runtime.directive.Foreach
2010-07-22 16:11:49,421 - Created: 20 parsers.
2010-07-22 16:11:49,437 - Velocimacro : initialization starting.
2010-07-22 16:11:49,437 - Velocimacro : adding VMs from VM library template : VM_global_library.vm
2010-07-22 16:11:49,437 - ResourceManager : unable to find resource 'VM_global_library.vm' in any resource loader.
2010-07-22 16:11:49,437 - Velocimacro : error using  VM library template VM_global_library.vm : org.apache.velocity.exception.ResourceNotFoundException: Unable to find resource 'VM_global_library.vm'
2010-07-22 16:11:49,437 - Velocimacro :  VM library template macro registration complete.
2010-07-22 16:11:49,437 - Velocimacro : allowInline = true : VMs can be defined inline in templates
2010-07-22 16:11:49,437 - Velocimacro : allowInlineToOverride = false : VMs defined inline may NOT replace previous VM definitions
2010-07-22 16:11:49,437 - Velocimacro : allowInlineLocal = false : VMs defined inline will be  global in scope if allowed.
2010-07-22 16:11:49,437 - Velocimacro : messages on  : VM system will output logging messages
2010-07-22 16:11:49,437 - Velocimacro : autoload off  : VM system will not automatically reload global library macros
2010-07-22 16:11:49,453 - Velocimacro : initialization complete.
2010-07-22 16:11:49,453 - Velocity successfully started.
2010-07-22 16:14:04,296 - SimpleLog4JLogSystem initialized using logfile 'velocity.log'
2010-07-22 16:14:04,296 - ************************************************************** 
2010-07-22 16:14:04,296 - Starting Jakarta Velocity v1.4
2010-07-22 16:14:04,296 - RuntimeInstance initializing.
2010-07-22 16:14:04,296 - Default Properties File: org\apache\velocity\runtime\defaults\velocity.properties
2010-07-22 16:14:04,296 - Trying to use logger class org.apache.velocity.runtime.log.SimpleLog4JLogSystem
2010-07-22 16:14:04,296 - Using logger class org.apache.velocity.runtime.log.SimpleLog4JLogSystem
2010-07-22 16:14:04,296 - Default ResourceManager initializing. (class org.apache.velocity.runtime.resource.ResourceManagerImpl)
2010-07-22 16:14:04,312 - Resource Loader Instantiated: org.apache.velocity.runtime.resource.loader.ClasspathResourceLoader
2010-07-22 16:14:04,312 - ClasspathResourceLoader : initialization starting.
2010-07-22 16:14:04,312 - ClasspathResourceLoader : initialization complete.
2010-07-22 16:14:04,312 - ResourceCache : initialized. (class org.apache.velocity.runtime.resource.ResourceCacheImpl)
2010-07-22 16:14:04,312 - Default ResourceManager initialization complete.
2010-07-22 16:14:04,312 - Loaded System Directive: org.apache.velocity.runtime.directive.Literal
2010-07-22 16:14:04,312 - Loaded System Directive: org.apache.velocity.runtime.directive.Macro
2010-07-22 16:14:04,328 - Loaded System Directive: org.apache.velocity.runtime.directive.Parse
2010-07-22 16:14:04,328 - Loaded System Directive: org.apache.velocity.runtime.directive.Include
2010-07-22 16:14:04,328 - Loaded System Directive: org.apache.velocity.runtime.directive.Foreach
2010-07-22 16:14:04,390 - Created: 20 parsers.
2010-07-22 16:14:04,406 - Velocimacro : initialization starting.
2010-07-22 16:14:04,406 - Velocimacro : adding VMs from VM library template : VM_global_library.vm
2010-07-22 16:14:04,421 - ResourceManager : unable to find resource 'VM_global_library.vm' in any resource loader.
2010-07-22 16:14:04,421 - Velocimacro : error using  VM library template VM_global_library.vm : org.apache.velocity.exception.ResourceNotFoundException: Unable to find resource 'VM_global_library.vm'
2010-07-22 16:14:04,421 - Velocimacro :  VM library template macro registration complete.
2010-07-22 16:14:04,421 - Velocimacro : allowInline = true : VMs can be defined inline in templates
2010-07-22 16:14:04,421 - Velocimacro : allowInlineToOverride = false : VMs defined inline may NOT replace previous VM definitions
2010-07-22 16:14:04,421 - Velocimacro : allowInlineLocal = false : VMs defined inline will be  global in scope if allowed.
2010-07-22 16:14:04,421 - Velocimacro : messages on  : VM system will output logging messages
2010-07-22 16:14:04,421 - Velocimacro : autoload off  : VM system will not automatically reload global library macros
2010-07-22 16:14:04,421 - Velocimacro : initialization complete.
2010-07-22 16:14:04,421 - Velocity successfully started.
2010-07-22 16:14:54,625 - SimpleLog4JLogSystem initialized using logfile 'velocity.log'
2010-07-22 16:14:54,625 - ************************************************************** 
2010-07-22 16:14:54,625 - Starting Jakarta Velocity v1.4
2010-07-22 16:14:54,625 - RuntimeInstance initializing.
2010-07-22 16:14:54,625 - Default Properties File: org\apache\velocity\runtime\defaults\velocity.properties
2010-07-22 16:14:54,625 - Trying to use logger class org.apache.velocity.runtime.log.SimpleLog4JLogSystem
2010-07-22 16:14:54,625 - Using logger class org.apache.velocity.runtime.log.SimpleLog4JLogSystem
2010-07-22 16:14:54,625 - Default ResourceManager initializing. (class org.apache.velocity.runtime.resource.ResourceManagerImpl)
2010-07-22 16:14:54,625 - Resource Loader Instantiated: org.apache.velocity.runtime.resource.loader.ClasspathResourceLoader
2010-07-22 16:14:54,625 - ClasspathResourceLoader : initialization starting.
2010-07-22 16:14:54,625 - ClasspathResourceLoader : initialization complete.
2010-07-22 16:14:54,640 - ResourceCache : initialized. (class org.apache.velocity.runtime.resource.ResourceCacheImpl)
2010-07-22 16:14:54,640 - Default ResourceManager initialization complete.
2010-07-22 16:14:54,640 - Loaded System Directive: org.apache.velocity.runtime.directive.Literal
2010-07-22 16:14:54,640 - Loaded System Directive: org.apache.velocity.runtime.directive.Macro
2010-07-22 16:14:54,640 - Loaded System Directive: org.apache.velocity.runtime.directive.Parse
2010-07-22 16:14:54,640 - Loaded System Directive: org.apache.velocity.runtime.directive.Include
2010-07-22 16:14:54,656 - Loaded System Directive: org.apache.velocity.runtime.directive.Foreach
2010-07-22 16:14:54,718 - Created: 20 parsers.
2010-07-22 16:14:54,734 - Velocimacro : initialization starting.
2010-07-22 16:14:54,734 - Velocimacro : adding VMs from VM library template : VM_global_library.vm
2010-07-22 16:14:54,734 - ResourceManager : unable to find resource 'VM_global_library.vm' in any resource loader.
2010-07-22 16:14:54,734 - Velocimacro : error using  VM library template VM_global_library.vm : org.apache.velocity.exception.ResourceNotFoundException: Unable to find resource 'VM_global_library.vm'
2010-07-22 16:14:54,734 - Velocimacro :  VM library template macro registration complete.
2010-07-22 16:14:54,734 - Velocimacro : allowInline = true : VMs can be defined inline in templates
2010-07-22 16:14:54,734 - Velocimacro : allowInlineToOverride = false : VMs defined inline may NOT replace previous VM definitions
2010-07-22 16:14:54,734 - Velocimacro : allowInlineLocal = false : VMs defined inline will be  global in scope if allowed.
2010-07-22 16:14:54,734 - Velocimacro : messages on  : VM system will output logging messages
2010-07-22 16:14:54,734 - Velocimacro : autoload off  : VM system will not automatically reload global library macros
2010-07-22 16:14:54,734 - Velocimacro : initialization complete.
2010-07-22 16:14:54,734 - Velocity successfully started.
2010-07-22 17:00:25,156 - SimpleLog4JLogSystem initialized using logfile 'velocity.log'
2010-07-22 17:00:25,156 - ************************************************************** 
2010-07-22 17:00:25,156 - Starting Jakarta Velocity v1.4
2010-07-22 17:00:25,156 - RuntimeInstance initializing.
2010-07-22 17:00:25,156 - Default Properties File: org\apache\velocity\runtime\defaults\velocity.properties
2010-07-22 17:00:25,156 - Trying to use logger class org.apache.velocity.runtime.log.SimpleLog4JLogSystem
2010-07-22 17:00:25,156 - Using logger class org.apache.velocity.runtime.log.SimpleLog4JLogSystem
2010-07-22 17:00:25,171 - Default ResourceManager initializing. (class org.apache.velocity.runtime.resource.ResourceManagerImpl)
2010-07-22 17:00:25,171 - Resource Loader Instantiated: org.apache.velocity.runtime.resource.loader.ClasspathResourceLoader
2010-07-22 17:00:25,171 - ClasspathResourceLoader : initialization starting.
2010-07-22 17:00:25,171 - ClasspathResourceLoader : initialization complete.
2010-07-22 17:00:25,171 - ResourceCache : initialized. (class org.apache.velocity.runtime.resource.ResourceCacheImpl)
2010-07-22 17:00:25,171 - Default ResourceManager initialization complete.
2010-07-22 17:00:25,171 - Loaded System Directive: org.apache.velocity.runtime.directive.Literal
2010-07-22 17:00:25,171 - Loaded System Directive: org.apache.velocity.runtime.directive.Macro
2010-07-22 17:00:25,187 - Loaded System Directive: org.apache.velocity.runtime.directive.Parse
2010-07-22 17:00:25,187 - Loaded System Directive: org.apache.velocity.runtime.directive.Include
2010-07-22 17:00:25,187 - Loaded System Directive: org.apache.velocity.runtime.directive.Foreach
2010-07-22 17:00:25,250 - Created: 20 parsers.
2010-07-22 17:00:25,265 - Velocimacro : initialization starting.
2010-07-22 17:00:25,265 - Velocimacro : adding VMs from VM library template : VM_global_library.vm
2010-07-22 17:00:25,281 - ResourceManager : unable to find resource 'VM_global_library.vm' in any resource loader.
2010-07-22 17:00:25,281 - Velocimacro : error using  VM library template VM_global_library.vm : org.apache.velocity.exception.ResourceNotFoundException: Unable to find resource 'VM_global_library.vm'
2010-07-22 17:00:25,281 - Velocimacro :  VM library template macro registration complete.
2010-07-22 17:00:25,281 - Velocimacro : allowInline = true : VMs can be defined inline in templates
2010-07-22 17:00:25,281 - Velocimacro : allowInlineToOverride = false : VMs defined inline may NOT replace previous VM definitions
2010-07-22 17:00:25,281 - Velocimacro : allowInlineLocal = false : VMs defined inline will be  global in scope if allowed.
2010-07-22 17:00:25,281 - Velocimacro : messages on  : VM system will output logging messages
2010-07-22 17:00:25,281 - Velocimacro : autoload off  : VM system will not automatically reload global library macros
2010-07-22 17:00:25,281 - Velocimacro : initialization complete.
2010-07-22 17:00:25,281 - Velocity successfully started.
2010-07-22 17:00:39,312 - SimpleLog4JLogSystem initialized using logfile 'velocity.log'
2010-07-22 17:00:39,312 - ************************************************************** 
2010-07-22 17:00:39,312 - Starting Jakarta Velocity v1.4
2010-07-22 17:00:39,312 - RuntimeInstance initializing.
2010-07-22 17:00:39,312 - Default Properties File: org\apache\velocity\runtime\defaults\velocity.properties
2010-07-22 17:00:39,312 - Trying to use logger class org.apache.velocity.runtime.log.SimpleLog4JLogSystem
2010-07-22 17:00:39,312 - Using logger class org.apache.velocity.runtime.log.SimpleLog4JLogSystem
2010-07-22 17:00:39,312 - Default ResourceManager initializing. (class org.apache.velocity.runtime.resource.ResourceManagerImpl)
2010-07-22 17:00:39,312 - Resource Loader Instantiated: org.apache.velocity.runtime.resource.loader.ClasspathResourceLoader
2010-07-22 17:00:39,312 - ClasspathResourceLoader : initialization starting.
2010-07-22 17:00:39,312 - ClasspathResourceLoader : initialization complete.
2010-07-22 17:00:39,328 - ResourceCache : initialized. (class org.apache.velocity.runtime.resource.ResourceCacheImpl)
2010-07-22 17:00:39,328 - Default ResourceManager initialization complete.
2010-07-22 17:00:39,328 - Loaded System Directive: org.apache.velocity.runtime.directive.Literal
2010-07-22 17:00:39,328 - Loaded System Directive: org.apache.velocity.runtime.directive.Macro
2010-07-22 17:00:39,328 - Loaded System Directive: org.apache.velocity.runtime.directive.Parse
2010-07-22 17:00:39,328 - Loaded System Directive: org.apache.velocity.runtime.directive.Include
2010-07-22 17:00:39,328 - Loaded System Directive: org.apache.velocity.runtime.directive.Foreach
2010-07-22 17:00:39,406 - Created: 20 parsers.
2010-07-22 17:00:39,421 - Velocimacro : initialization starting.
2010-07-22 17:00:39,421 - Velocimacro : adding VMs from VM library template : VM_global_library.vm
2010-07-22 17:00:39,421 - ResourceManager : unable to find resource 'VM_global_library.vm' in any resource loader.
2010-07-22 17:00:39,421 - Velocimacro : error using  VM library template VM_global_library.vm : org.apache.velocity.exception.ResourceNotFoundException: Unable to find resource 'VM_global_library.vm'
2010-07-22 17:00:39,421 - Velocimacro :  VM library template macro registration complete.
2010-07-22 17:00:39,421 - Velocimacro : allowInline = true : VMs can be defined inline in templates
2010-07-22 17:00:39,421 - Velocimacro : allowInlineToOverride = false : VMs defined inline may NOT replace previous VM definitions
2010-07-22 17:00:39,421 - Velocimacro : allowInlineLocal = false : VMs defined inline will be  global in scope if allowed.
2010-07-22 17:00:39,421 - Velocimacro : messages on  : VM system will output logging messages
2010-07-22 17:00:39,421 - Velocimacro : autoload off  : VM system will not automatically reload global library macros
2010-07-22 17:00:39,421 - Velocimacro : initialization complete.
2010-07-22 17:00:39,421 - Velocity successfully started.
2010-07-22 17:01:40,531 - SimpleLog4JLogSystem initialized using logfile 'velocity.log'
2010-07-22 17:01:40,531 - ************************************************************** 
2010-07-22 17:01:40,531 - Starting Jakarta Velocity v1.4
2010-07-22 17:01:40,531 - RuntimeInstance initializing.
2010-07-22 17:01:40,531 - Default Properties File: org\apache\velocity\runtime\defaults\velocity.properties
2010-07-22 17:01:40,531 - Trying to use logger class org.apache.velocity.runtime.log.SimpleLog4JLogSystem
2010-07-22 17:01:40,531 - Using logger class org.apache.velocity.runtime.log.SimpleLog4JLogSystem
2010-07-22 17:01:40,531 - Default ResourceManager initializing. (class org.apache.velocity.runtime.resource.ResourceManagerImpl)
2010-07-22 17:01:40,531 - Resource Loader Instantiated: org.apache.velocity.runtime.resource.loader.ClasspathResourceLoader
2010-07-22 17:01:40,531 - ClasspathResourceLoader : initialization starting.
2010-07-22 17:01:40,531 - ClasspathResourceLoader : initialization complete.
2010-07-22 17:01:40,546 - ResourceCache : initialized. (class org.apache.velocity.runtime.resource.ResourceCacheImpl)
2010-07-22 17:01:40,546 - Default ResourceManager initialization complete.
2010-07-22 17:01:40,546 - Loaded System Directive: org.apache.velocity.runtime.directive.Literal
2010-07-22 17:01:40,546 - Loaded System Directive: org.apache.velocity.runtime.directive.Macro
2010-07-22 17:01:40,546 - Loaded System Directive: org.apache.velocity.runtime.directive.Parse
2010-07-22 17:01:40,546 - Loaded System Directive: org.apache.velocity.runtime.directive.Include
2010-07-22 17:01:40,546 - Loaded System Directive: org.apache.velocity.runtime.directive.Foreach
2010-07-22 17:01:40,625 - Created: 20 parsers.
2010-07-22 17:01:40,640 - Velocimacro : initialization starting.
2010-07-22 17:01:40,640 - Velocimacro : adding VMs from VM library template : VM_global_library.vm
2010-07-22 17:01:40,640 - ResourceManager : unable to find resource 'VM_global_library.vm' in any resource loader.
2010-07-22 17:01:40,640 - Velocimacro : error using  VM library template VM_global_library.vm : org.apache.velocity.exception.ResourceNotFoundException: Unable to find resource 'VM_global_library.vm'
2010-07-22 17:01:40,640 - Velocimacro :  VM library template macro registration complete.
2010-07-22 17:01:40,640 - Velocimacro : allowInline = true : VMs can be defined inline in templates
2010-07-22 17:01:40,640 - Velocimacro : allowInlineToOverride = false : VMs defined inline may NOT replace previous VM definitions
2010-07-22 17:01:40,640 - Velocimacro : allowInlineLocal = false : VMs defined inline will be  global in scope if allowed.
2010-07-22 17:01:40,640 - Velocimacro : messages on  : VM system will output logging messages
2010-07-22 17:01:40,640 - Velocimacro : autoload off  : VM system will not automatically reload global library macros
2010-07-22 17:01:40,640 - Velocimacro : initialization complete.
2010-07-22 17:01:40,640 - Velocity successfully started.
2010-07-22 17:01:58,281 - SimpleLog4JLogSystem initialized using logfile 'velocity.log'
2010-07-22 17:01:58,281 - ************************************************************** 
2010-07-22 17:01:58,281 - Starting Jakarta Velocity v1.4
2010-07-22 17:01:58,281 - RuntimeInstance initializing.
2010-07-22 17:01:58,281 - Default Properties File: org\apache\velocity\runtime\defaults\velocity.properties
2010-07-22 17:01:58,281 - Trying to use logger class org.apache.velocity.runtime.log.SimpleLog4JLogSystem
2010-07-22 17:01:58,281 - Using logger class org.apache.velocity.runtime.log.SimpleLog4JLogSystem
2010-07-22 17:01:58,281 - Default ResourceManager initializing. (class org.apache.velocity.runtime.resource.ResourceManagerImpl)
2010-07-22 17:01:58,281 - Resource Loader Instantiated: org.apache.velocity.runtime.resource.loader.ClasspathResourceLoader
2010-07-22 17:01:58,281 - ClasspathResourceLoader : initialization starting.
2010-07-22 17:01:58,281 - ClasspathResourceLoader : initialization complete.
2010-07-22 17:01:58,296 - ResourceCache : initialized. (class org.apache.velocity.runtime.resource.ResourceCacheImpl)
2010-07-22 17:01:58,296 - Default ResourceManager initialization complete.
2010-07-22 17:01:58,296 - Loaded System Directive: org.apache.velocity.runtime.directive.Literal
2010-07-22 17:01:58,296 - Loaded System Directive: org.apache.velocity.runtime.directive.Macro
2010-07-22 17:01:58,296 - Loaded System Directive: org.apache.velocity.runtime.directive.Parse
2010-07-22 17:01:58,296 - Loaded System Directive: org.apache.velocity.runtime.directive.Include
2010-07-22 17:01:58,312 - Loaded System Directive: org.apache.velocity.runtime.directive.Foreach
2010-07-22 17:01:58,375 - Created: 20 parsers.
2010-07-22 17:01:58,390 - Velocimacro : initialization starting.
2010-07-22 17:01:58,390 - Velocimacro : adding VMs from VM library template : VM_global_library.vm
2010-07-22 17:01:58,390 - ResourceManager : unable to find resource 'VM_global_library.vm' in any resource loader.
2010-07-22 17:01:58,390 - Velocimacro : error using  VM library template VM_global_library.vm : org.apache.velocity.exception.ResourceNotFoundException: Unable to find resource 'VM_global_library.vm'
2010-07-22 17:01:58,390 - Velocimacro :  VM library template macro registration complete.
2010-07-22 17:01:58,390 - Velocimacro : allowInline = true : VMs can be defined inline in templates
2010-07-22 17:01:58,390 - Velocimacro : allowInlineToOverride = false : VMs defined inline may NOT replace previous VM definitions
2010-07-22 17:01:58,390 - Velocimacro : allowInlineLocal = false : VMs defined inline will be  global in scope if allowed.
2010-07-22 17:01:58,390 - Velocimacro : messages on  : VM system will output logging messages
2010-07-22 17:01:58,390 - Velocimacro : autoload off  : VM system will not automatically reload global library macros
2010-07-22 17:01:58,390 - Velocimacro : initialization complete.
2010-07-22 17:01:58,390 - Velocity successfully started.
2010-07-22 17:04:08,890 - SimpleLog4JLogSystem initialized using logfile 'velocity.log'
2010-07-22 17:04:08,890 - ************************************************************** 
2010-07-22 17:04:08,890 - Starting Jakarta Velocity v1.4
2010-07-22 17:04:08,890 - RuntimeInstance initializing.
2010-07-22 17:04:08,890 - Default Properties File: org\apache\velocity\runtime\defaults\velocity.properties
2010-07-22 17:04:08,890 - Trying to use logger class org.apache.velocity.runtime.log.SimpleLog4JLogSystem
2010-07-22 17:04:08,890 - Using logger class org.apache.velocity.runtime.log.SimpleLog4JLogSystem
2010-07-22 17:04:08,890 - Default ResourceManager initializing. (class org.apache.velocity.runtime.resource.ResourceManagerImpl)
2010-07-22 17:04:08,906 - Resource Loader Instantiated: org.apache.velocity.runtime.resource.loader.ClasspathResourceLoader
2010-07-22 17:04:08,906 - ClasspathResourceLoader : initialization starting.
2010-07-22 17:04:08,906 - ClasspathResourceLoader : initialization complete.
2010-07-22 17:04:08,906 - ResourceCache : initialized. (class org.apache.velocity.runtime.resource.ResourceCacheImpl)
2010-07-22 17:04:08,906 - Default ResourceManager initialization complete.
2010-07-22 17:04:08,906 - Loaded System Directive: org.apache.velocity.runtime.directive.Literal
2010-07-22 17:04:08,906 - Loaded System Directive: org.apache.velocity.runtime.directive.Macro
2010-07-22 17:04:08,921 - Loaded System Directive: org.apache.velocity.runtime.directive.Parse
2010-07-22 17:04:08,921 - Loaded System Directive: org.apache.velocity.runtime.directive.Include
2010-07-22 17:04:08,921 - Loaded System Directive: org.apache.velocity.runtime.directive.Foreach
2010-07-22 17:04:08,984 - Created: 20 parsers.
2010-07-22 17:04:09,000 - Velocimacro : initialization starting.
2010-07-22 17:04:09,000 - Velocimacro : adding VMs from VM library template : VM_global_library.vm
2010-07-22 17:04:09,015 - ResourceManager : unable to find resource 'VM_global_library.vm' in any resource loader.
2010-07-22 17:04:09,015 - Velocimacro : error using  VM library template VM_global_library.vm : org.apache.velocity.exception.ResourceNotFoundException: Unable to find resource 'VM_global_library.vm'
2010-07-22 17:04:09,015 - Velocimacro :  VM library template macro registration complete.
2010-07-22 17:04:09,015 - Velocimacro : allowInline = true : VMs can be defined inline in templates
2010-07-22 17:04:09,015 - Velocimacro : allowInlineToOverride = false : VMs defined inline may NOT replace previous VM definitions
2010-07-22 17:04:09,015 - Velocimacro : allowInlineLocal = false : VMs defined inline will be  global in scope if allowed.
2010-07-22 17:04:09,015 - Velocimacro : messages on  : VM system will output logging messages
2010-07-22 17:04:09,015 - Velocimacro : autoload off  : VM system will not automatically reload global library macros
2010-07-22 17:04:09,015 - Velocimacro : initialization complete.
2010-07-22 17:04:09,015 - Velocity successfully started.
2010-07-22 17:04:20,203 - SimpleLog4JLogSystem initialized using logfile 'velocity.log'
2010-07-22 17:04:20,203 - ************************************************************** 
2010-07-22 17:04:20,203 - Starting Jakarta Velocity v1.4
2010-07-22 17:04:20,203 - RuntimeInstance initializing.
2010-07-22 17:04:20,203 - Default Properties File: org\apache\velocity\runtime\defaults\velocity.properties
2010-07-22 17:04:20,203 - Trying to use logger class org.apache.velocity.runtime.log.SimpleLog4JLogSystem
2010-07-22 17:04:20,203 - Using logger class org.apache.velocity.runtime.log.SimpleLog4JLogSystem
2010-07-22 17:04:20,203 - Default ResourceManager initializing. (class org.apache.velocity.runtime.resource.ResourceManagerImpl)
2010-07-22 17:04:20,203 - Resource Loader Instantiated: org.apache.velocity.runtime.resource.loader.ClasspathResourceLoader
2010-07-22 17:04:20,203 - ClasspathResourceLoader : initialization starting.
2010-07-22 17:04:20,203 - ClasspathResourceLoader : initialization complete.
2010-07-22 17:04:20,203 - ResourceCache : initialized. (class org.apache.velocity.runtime.resource.ResourceCacheImpl)
2010-07-22 17:04:20,203 - Default ResourceManager initialization complete.
2010-07-22 17:04:20,218 - Loaded System Directive: org.apache.velocity.runtime.directive.Literal
2010-07-22 17:04:20,218 - Loaded System Directive: org.apache.velocity.runtime.directive.Macro
2010-07-22 17:04:20,218 - Loaded System Directive: org.apache.velocity.runtime.directive.Parse
2010-07-22 17:04:20,218 - Loaded System Directive: org.apache.velocity.runtime.directive.Include
2010-07-22 17:04:20,218 - Loaded System Directive: org.apache.velocity.runtime.directive.Foreach
2010-07-22 17:04:20,296 - Created: 20 parsers.
2010-07-22 17:04:20,312 - Velocimacro : initialization starting.
2010-07-22 17:04:20,312 - Velocimacro : adding VMs from VM library template : VM_global_library.vm
2010-07-22 17:04:20,312 - ResourceManager : unable to find resource 'VM_global_library.vm' in any resource loader.
2010-07-22 17:04:20,312 - Velocimacro : error using  VM library template VM_global_library.vm : org.apache.velocity.exception.ResourceNotFoundException: Unable to find resource 'VM_global_library.vm'
2010-07-22 17:04:20,312 - Velocimacro :  VM library template macro registration complete.
2010-07-22 17:04:20,312 - Velocimacro : allowInline = true : VMs can be defined inline in templates
2010-07-22 17:04:20,312 - Velocimacro : allowInlineToOverride = false : VMs defined inline may NOT replace previous VM definitions
2010-07-22 17:04:20,312 - Velocimacro : allowInlineLocal = false : VMs defined inline will be  global in scope if allowed.
2010-07-22 17:04:20,312 - Velocimacro : messages on  : VM system will output logging messages
2010-07-22 17:04:20,312 - Velocimacro : autoload off  : VM system will not automatically reload global library macros
2010-07-22 17:04:20,312 - Velocimacro : initialization complete.
2010-07-22 17:04:20,312 - Velocity successfully started.
2010-07-22 17:06:31,765 - SimpleLog4JLogSystem initialized using logfile 'velocity.log'
2010-07-22 17:06:31,765 - ************************************************************** 
2010-07-22 17:06:31,765 - Starting Jakarta Velocity v1.4
2010-07-22 17:06:31,765 - RuntimeInstance initializing.
2010-07-22 17:06:31,765 - Default Properties File: org\apache\velocity\runtime\defaults\velocity.properties
2010-07-22 17:06:31,765 - Trying to use logger class org.apache.velocity.runtime.log.SimpleLog4JLogSystem
2010-07-22 17:06:31,765 - Using logger class org.apache.velocity.runtime.log.SimpleLog4JLogSystem
2010-07-22 17:06:31,765 - Default ResourceManager initializing. (class org.apache.velocity.runtime.resource.ResourceManagerImpl)
2010-07-22 17:06:31,765 - Resource Loader Instantiated: org.apache.velocity.runtime.resource.loader.ClasspathResourceLoader
2010-07-22 17:06:31,765 - ClasspathResourceLoader : initialization starting.
2010-07-22 17:06:31,765 - ClasspathResourceLoader : initialization complete.
2010-07-22 17:06:31,765 - ResourceCache : initialized. (class org.apache.velocity.runtime.resource.ResourceCacheImpl)
2010-07-22 17:06:31,765 - Default ResourceManager initialization complete.
2010-07-22 17:06:31,781 - Loaded System Directive: org.apache.velocity.runtime.directive.Literal
2010-07-22 17:06:31,781 - Loaded System Directive: org.apache.velocity.runtime.directive.Macro
2010-07-22 17:06:31,781 - Loaded System Directive: org.apache.velocity.runtime.directive.Parse
2010-07-22 17:06:31,781 - Loaded System Directive: org.apache.velocity.runtime.directive.Include
2010-07-22 17:06:31,781 - Loaded System Directive: org.apache.velocity.runtime.directive.Foreach
2010-07-22 17:06:31,859 - Created: 20 parsers.
2010-07-22 17:06:31,875 - Velocimacro : initialization starting.
2010-07-22 17:06:31,875 - Velocimacro : adding VMs from VM library template : VM_global_library.vm
2010-07-22 17:06:31,875 - ResourceManager : unable to find resource 'VM_global_library.vm' in any resource loader.
2010-07-22 17:06:31,875 - Velocimacro : error using  VM library template VM_global_library.vm : org.apache.velocity.exception.ResourceNotFoundException: Unable to find resource 'VM_global_library.vm'
2010-07-22 17:06:31,875 - Velocimacro :  VM library template macro registration complete.
2010-07-22 17:06:31,875 - Velocimacro : allowInline = true : VMs can be defined inline in templates
2010-07-22 17:06:31,875 - Velocimacro : allowInlineToOverride = false : VMs defined inline may NOT replace previous VM definitions
2010-07-22 17:06:31,875 - Velocimacro : allowInlineLocal = false : VMs defined inline will be  global in scope if allowed.
2010-07-22 17:06:31,875 - Velocimacro : messages on  : VM system will output logging messages
2010-07-22 17:06:31,875 - Velocimacro : autoload off  : VM system will not automatically reload global library macros
2010-07-22 17:06:31,875 - Velocimacro : initialization complete.
2010-07-22 17:06:31,875 - Velocity successfully started.
2010-07-22 17:07:10,906 - ResourceManager : found repast/simphony/scenario/Scenario.vt with loader org.apache.velocity.runtime.resource.loader.ClasspathResourceLoader
2010-07-22 17:07:29,906 - SimpleLog4JLogSystem initialized using logfile 'velocity.log'
2010-07-22 17:07:29,906 - ************************************************************** 
2010-07-22 17:07:29,906 - Starting Jakarta Velocity v1.4
2010-07-22 17:07:29,906 - RuntimeInstance initializing.
2010-07-22 17:07:29,906 - Default Properties File: org\apache\velocity\runtime\defaults\velocity.properties
2010-07-22 17:07:29,906 - Trying to use logger class org.apache.velocity.runtime.log.SimpleLog4JLogSystem
2010-07-22 17:07:29,906 - Using logger class org.apache.velocity.runtime.log.SimpleLog4JLogSystem
2010-07-22 17:07:29,906 - Default ResourceManager initializing. (class org.apache.velocity.runtime.resource.ResourceManagerImpl)
2010-07-22 17:07:29,921 - Resource Loader Instantiated: org.apache.velocity.runtime.resource.loader.ClasspathResourceLoader
2010-07-22 17:07:29,921 - ClasspathResourceLoader : initialization starting.
2010-07-22 17:07:29,921 - ClasspathResourceLoader : initialization complete.
2010-07-22 17:07:29,921 - ResourceCache : initialized. (class org.apache.velocity.runtime.resource.ResourceCacheImpl)
2010-07-22 17:07:29,921 - Default ResourceManager initialization complete.
2010-07-22 17:07:29,921 - Loaded System Directive: org.apache.velocity.runtime.directive.Literal
2010-07-22 17:07:29,921 - Loaded System Directive: org.apache.velocity.runtime.directive.Macro
2010-07-22 17:07:29,937 - Loaded System Directive: org.apache.velocity.runtime.directive.Parse
2010-07-22 17:07:29,937 - Loaded System Directive: org.apache.velocity.runtime.directive.Include
2010-07-22 17:07:29,937 - Loaded System Directive: org.apache.velocity.runtime.directive.Foreach
2010-07-22 17:07:30,000 - Created: 20 parsers.
2010-07-22 17:07:30,015 - Velocimacro : initialization starting.
2010-07-22 17:07:30,015 - Velocimacro : adding VMs from VM library template : VM_global_library.vm
2010-07-22 17:07:30,031 - ResourceManager : unable to find resource 'VM_global_library.vm' in any resource loader.
2010-07-22 17:07:30,031 - Velocimacro : error using  VM library template VM_global_library.vm : org.apache.velocity.exception.ResourceNotFoundException: Unable to find resource 'VM_global_library.vm'
2010-07-22 17:07:30,031 - Velocimacro :  VM library template macro registration complete.
2010-07-22 17:07:30,031 - Velocimacro : allowInline = true : VMs can be defined inline in templates
2010-07-22 17:07:30,031 - Velocimacro : allowInlineToOverride = false : VMs defined inline may NOT replace previous VM definitions
2010-07-22 17:07:30,031 - Velocimacro : allowInlineLocal = false : VMs defined inline will be  global in scope if allowed.
2010-07-22 17:07:30,031 - Velocimacro : messages on  : VM system will output logging messages
2010-07-22 17:07:30,031 - Velocimacro : autoload off  : VM system will not automatically reload global library macros
2010-07-22 17:07:30,031 - Velocimacro : initialization complete.
2010-07-22 17:07:30,031 - Velocity successfully started.
2010-07-22 17:09:33,140 - SimpleLog4JLogSystem initialized using logfile 'velocity.log'
2010-07-22 17:09:33,140 - ************************************************************** 
2010-07-22 17:09:33,140 - Starting Jakarta Velocity v1.4
2010-07-22 17:09:33,140 - RuntimeInstance initializing.
2010-07-22 17:09:33,140 - Default Properties File: org\apache\velocity\runtime\defaults\velocity.properties
2010-07-22 17:09:33,140 - Trying to use logger class org.apache.velocity.runtime.log.SimpleLog4JLogSystem
2010-07-22 17:09:33,140 - Using logger class org.apache.velocity.runtime.log.SimpleLog4JLogSystem
2010-07-22 17:09:33,156 - Default ResourceManager initializing. (class org.apache.velocity.runtime.resource.ResourceManagerImpl)
2010-07-22 17:09:33,156 - Resource Loader Instantiated: org.apache.velocity.runtime.resource.loader.ClasspathResourceLoader
2010-07-22 17:09:33,156 - ClasspathResourceLoader : initialization starting.
2010-07-22 17:09:33,156 - ClasspathResourceLoader : initialization complete.
2010-07-22 17:09:33,156 - ResourceCache : initialized. (class org.apache.velocity.runtime.resource.ResourceCacheImpl)
2010-07-22 17:09:33,156 - Default ResourceManager initialization complete.
2010-07-22 17:09:33,156 - Loaded System Directive: org.apache.velocity.runtime.directive.Literal
2010-07-22 17:09:33,171 - Loaded System Directive: org.apache.velocity.runtime.directive.Macro
2010-07-22 17:09:33,171 - Loaded System Directive: org.apache.velocity.runtime.directive.Parse
2010-07-22 17:09:33,171 - Loaded System Directive: org.apache.velocity.runtime.directive.Include
2010-07-22 17:09:33,171 - Loaded System Directive: org.apache.velocity.runtime.directive.Foreach
2010-07-22 17:09:33,250 - Created: 20 parsers.
2010-07-22 17:09:33,250 - Velocimacro : initialization starting.
2010-07-22 17:09:33,250 - Velocimacro : adding VMs from VM library template : VM_global_library.vm
2010-07-22 17:09:33,265 - ResourceManager : unable to find resource 'VM_global_library.vm' in any resource loader.
2010-07-22 17:09:33,265 - Velocimacro : error using  VM library template VM_global_library.vm : org.apache.velocity.exception.ResourceNotFoundException: Unable to find resource 'VM_global_library.vm'
2010-07-22 17:09:33,265 - Velocimacro :  VM library template macro registration complete.
2010-07-22 17:09:33,265 - Velocimacro : allowInline = true : VMs can be defined inline in templates
2010-07-22 17:09:33,265 - Velocimacro : allowInlineToOverride = false : VMs defined inline may NOT replace previous VM definitions
2010-07-22 17:09:33,265 - Velocimacro : allowInlineLocal = false : VMs defined inline will be  global in scope if allowed.
2010-07-22 17:09:33,265 - Velocimacro : messages on  : VM system will output logging messages
2010-07-22 17:09:33,265 - Velocimacro : autoload off  : VM system will not automatically reload global library macros
2010-07-22 17:09:33,265 - Velocimacro : initialization complete.
2010-07-22 17:09:33,265 - Velocity successfully started.
2010-07-22 17:10:32,953 - ResourceManager : found repast/simphony/scenario/Scenario.vt with loader org.apache.velocity.runtime.resource.loader.ClasspathResourceLoader
2010-07-22 17:12:30,953 - SimpleLog4JLogSystem initialized using logfile 'velocity.log'
2010-07-22 17:12:30,953 - ************************************************************** 
2010-07-22 17:12:30,953 - Starting Jakarta Velocity v1.4
2010-07-22 17:12:30,953 - RuntimeInstance initializing.
2010-07-22 17:12:30,953 - Default Properties File: org\apache\velocity\runtime\defaults\velocity.properties
2010-07-22 17:12:30,953 - Trying to use logger class org.apache.velocity.runtime.log.SimpleLog4JLogSystem
2010-07-22 17:12:30,953 - Using logger class org.apache.velocity.runtime.log.SimpleLog4JLogSystem
2010-07-22 17:12:30,953 - Default ResourceManager initializing. (class org.apache.velocity.runtime.resource.ResourceManagerImpl)
2010-07-22 17:12:30,953 - Resource Loader Instantiated: org.apache.velocity.runtime.resource.loader.ClasspathResourceLoader
2010-07-22 17:12:30,953 - ClasspathResourceLoader : initialization starting.
2010-07-22 17:12:30,953 - ClasspathResourceLoader : initialization complete.
2010-07-22 17:12:30,953 - ResourceCache : initialized. (class org.apache.velocity.runtime.resource.ResourceCacheImpl)
2010-07-22 17:12:30,953 - Default ResourceManager initialization complete.
2010-07-22 17:12:30,968 - Loaded System Directive: org.apache.velocity.runtime.directive.Literal
2010-07-22 17:12:30,968 - Loaded System Directive: org.apache.velocity.runtime.directive.Macro
2010-07-22 17:12:30,968 - Loaded System Directive: org.apache.velocity.runtime.directive.Parse
2010-07-22 17:12:30,968 - Loaded System Directive: org.apache.velocity.runtime.directive.Include
2010-07-22 17:12:30,968 - Loaded System Directive: org.apache.velocity.runtime.directive.Foreach
2010-07-22 17:12:31,046 - Created: 20 parsers.
2010-07-22 17:12:31,062 - Velocimacro : initialization starting.
2010-07-22 17:12:31,062 - Velocimacro : adding VMs from VM library template : VM_global_library.vm
2010-07-22 17:12:31,062 - ResourceManager : unable to find resource 'VM_global_library.vm' in any resource loader.
2010-07-22 17:12:31,062 - Velocimacro : error using  VM library template VM_global_library.vm : org.apache.velocity.exception.ResourceNotFoundException: Unable to find resource 'VM_global_library.vm'
2010-07-22 17:12:31,062 - Velocimacro :  VM library template macro registration complete.
2010-07-22 17:12:31,062 - Velocimacro : allowInline = true : VMs can be defined inline in templates
2010-07-22 17:12:31,062 - Velocimacro : allowInlineToOverride = false : VMs defined inline may NOT replace previous VM definitions
2010-07-22 17:12:31,062 - Velocimacro : allowInlineLocal = false : VMs defined inline will be  global in scope if allowed.
2010-07-22 17:12:31,062 - Velocimacro : messages on  : VM system will output logging messages
2010-07-22 17:12:31,062 - Velocimacro : autoload off  : VM system will not automatically reload global library macros
2010-07-22 17:12:31,062 - Velocimacro : initialization complete.
2010-07-22 17:12:31,062 - Velocity successfully started.
2010-07-22 17:13:32,015 - ResourceManager : found repast/simphony/scenario/Scenario.vt with loader org.apache.velocity.runtime.resource.loader.ClasspathResourceLoader
2010-11-26 10:50:05,546 - SimpleLog4JLogSystem initialized using logfile 'velocity.log'
2010-11-26 10:50:05,546 - ************************************************************** 
2010-11-26 10:50:05,546 - Starting Jakarta Velocity v1.4
2010-11-26 10:50:05,546 - RuntimeInstance initializing.
2010-11-26 10:50:05,546 - Default Properties File: org\apache\velocity\runtime\defaults\velocity.properties
2010-11-26 10:50:05,546 - Trying to use logger class org.apache.velocity.runtime.log.SimpleLog4JLogSystem
2010-11-26 10:50:05,546 - Using logger class org.apache.velocity.runtime.log.SimpleLog4JLogSystem
2010-11-26 10:50:05,546 - Default ResourceManager initializing. (class org.apache.velocity.runtime.resource.ResourceManagerImpl)
2010-11-26 10:50:05,546 - Resource Loader Instantiated: org.apache.velocity.runtime.resource.loader.ClasspathResourceLoader
2010-11-26 10:50:05,546 - ClasspathResourceLoader : initialization starting.
2010-11-26 10:50:05,546 - ClasspathResourceLoader : initialization complete.
2010-11-26 10:50:05,546 - ResourceCache : initialized. (class org.apache.velocity.runtime.resource.ResourceCacheImpl)
2010-11-26 10:50:05,546 - Default ResourceManager initialization complete.
2010-11-26 10:50:05,562 - Loaded System Directive: org.apache.velocity.runtime.directive.Literal
2010-11-26 10:50:05,562 - Loaded System Directive: org.apache.velocity.runtime.directive.Macro
2010-11-26 10:50:05,562 - Loaded System Directive: org.apache.velocity.runtime.directive.Parse
2010-11-26 10:50:05,562 - Loaded System Directive: org.apache.velocity.runtime.directive.Include
2010-11-26 10:50:05,562 - Loaded System Directive: org.apache.velocity.runtime.directive.Foreach
2010-11-26 10:50:05,656 - Created: 20 parsers.
2010-11-26 10:50:05,656 - Velocimacro : initialization starting.
2010-11-26 10:50:05,656 - Velocimacro : adding VMs from VM library template : VM_global_library.vm
2010-11-26 10:50:05,671 - ResourceManager : unable to find resource 'VM_global_library.vm' in any resource loader.
2010-11-26 10:50:05,671 - Velocimacro : error using  VM library template VM_global_library.vm : org.apache.velocity.exception.ResourceNotFoundException: Unable to find resource 'VM_global_library.vm'
2010-11-26 10:50:05,671 - Velocimacro :  VM library template macro registration complete.
2010-11-26 10:50:05,671 - Velocimacro : allowInline = true : VMs can be defined inline in templates
2010-11-26 10:50:05,671 - Velocimacro : allowInlineToOverride = false : VMs defined inline may NOT replace previous VM definitions
2010-11-26 10:50:05,671 - Velocimacro : allowInlineLocal = false : VMs defined inline will be  global in scope if allowed.
2010-11-26 10:50:05,671 - Velocimacro : messages on  : VM system will output logging messages
2010-11-26 10:50:05,671 - Velocimacro : autoload off  : VM system will not automatically reload global library macros
2010-11-26 10:50:05,671 - Velocimacro : initialization complete.
2010-11-26 10:50:05,671 - Velocity successfully started.
2010-11-26 11:56:35,640 - SimpleLog4JLogSystem initialized using logfile 'velocity.log'
2010-11-26 11:56:35,640 - ************************************************************** 
2010-11-26 11:56:35,640 - Starting Jakarta Velocity v1.4
2010-11-26 11:56:35,640 - RuntimeInstance initializing.
2010-11-26 11:56:35,640 - Default Properties File: org\apache\velocity\runtime\defaults\velocity.properties
2010-11-26 11:56:35,640 - Trying to use logger class org.apache.velocity.runtime.log.SimpleLog4JLogSystem
2010-11-26 11:56:35,640 - Using logger class org.apache.velocity.runtime.log.SimpleLog4JLogSystem
2010-11-26 11:56:35,640 - Default ResourceManager initializing. (class org.apache.velocity.runtime.resource.ResourceManagerImpl)
2010-11-26 11:56:35,640 - Resource Loader Instantiated: org.apache.velocity.runtime.resource.loader.ClasspathResourceLoader
2010-11-26 11:56:35,640 - ClasspathResourceLoader : initialization starting.
2010-11-26 11:56:35,640 - ClasspathResourceLoader : initialization complete.
2010-11-26 11:56:35,640 - ResourceCache : initialized. (class org.apache.velocity.runtime.resource.ResourceCacheImpl)
2010-11-26 11:56:35,640 - Default ResourceManager initialization complete.
2010-11-26 11:56:35,656 - Loaded System Directive: org.apache.velocity.runtime.directive.Literal
2010-11-26 11:56:35,656 - Loaded System Directive: org.apache.velocity.runtime.directive.Macro
2010-11-26 11:56:35,656 - Loaded System Directive: org.apache.velocity.runtime.directive.Parse
2010-11-26 11:56:35,656 - Loaded System Directive: org.apache.velocity.runtime.directive.Include
2010-11-26 11:56:35,656 - Loaded System Directive: org.apache.velocity.runtime.directive.Foreach
2010-11-26 11:56:35,734 - Created: 20 parsers.
2010-11-26 11:56:35,750 - Velocimacro : initialization starting.
2010-11-26 11:56:35,750 - Velocimacro : adding VMs from VM library template : VM_global_library.vm
2010-11-26 11:56:35,750 - ResourceManager : unable to find resource 'VM_global_library.vm' in any resource loader.
2010-11-26 11:56:35,750 - Velocimacro : error using  VM library template VM_global_library.vm : org.apache.velocity.exception.ResourceNotFoundException: Unable to find resource 'VM_global_library.vm'
2010-11-26 11:56:35,750 - Velocimacro :  VM library template macro registration complete.
2010-11-26 11:56:35,750 - Velocimacro : allowInline = true : VMs can be defined inline in templates
2010-11-26 11:56:35,750 - Velocimacro : allowInlineToOverride = false : VMs defined inline may NOT replace previous VM definitions
2010-11-26 11:56:35,750 - Velocimacro : allowInlineLocal = false : VMs defined inline will be  global in scope if allowed.
2010-11-26 11:56:35,750 - Velocimacro : messages on  : VM system will output logging messages
2010-11-26 11:56:35,750 - Velocimacro : autoload off  : VM system will not automatically reload global library macros
2010-11-26 11:56:35,750 - Velocimacro : initialization complete.
2010-11-26 11:56:35,750 - Velocity successfully started.
